<?xml version="1.0" encoding="UTF-8"?>
<testng-results ignored="0" total="1" passed="1" failed="0" skipped="0">
  <reporter-output>
    <line>
      <![CDATA[empty chrome browser is launched successfully]]>
    </line>
    <line>
      <![CDATA[Hospital Management System page is displayed successfully]]>
    </line>
    <line>
      <![CDATA[Contact us page is displayed]]>
    </line>
    <line>
      <![CDATA[Full name is entered properly]]>
    </line>
    <line>
      <![CDATA[Email id is entered properly]]>
    </line>
    <line>
      <![CDATA[Mobile no is entered properly]]>
    </line>
    <line>
      <![CDATA[Description is entered properly]]>
    </line>
    <line>
      <![CDATA[password is changed]]>
    </line>
  </reporter-output>
  <suite started-at="2023-01-28T12:46:28 IST" name="Default suite" finished-at="2023-01-28T12:46:32 IST" duration-ms="3609">
    <groups>
    </groups>
    <test started-at="2023-01-28T12:46:28 IST" name="Default test" finished-at="2023-01-28T12:46:32 IST" duration-ms="3609">
      <class name="hospital_management_system.TC_HMS_29">
        <test-method is-config="true" signature="browserSetup(java.lang.String)[pri:0, instance:hospital_management_system.TC_HMS_29@188715b5]" started-at="2023-01-28T12:46:28 IST" name="browserSetup" finished-at="2023-01-28T12:46:30 IST" duration-ms="1844" status="PASS">
          <params>
            <param index="0">
              <value>
                <![CDATA[chrome]]>
              </value>
            </param>
          </params>
          <reporter-output>
            <line>
              <![CDATA[empty chrome browser is launched successfully]]>
            </line>
            <line>
              <![CDATA[Hospital Management System page is displayed successfully]]>
            </line>
          </reporter-output>
        </test-method> <!-- browserSetup -->
        <test-method signature="contact([Ljava.lang.String;)[pri:0, instance:hospital_management_system.TC_HMS_29@188715b5]" started-at="2023-01-28T12:46:30 IST" name="contact" data-provider="userData" finished-at="2023-01-28T12:46:32 IST" duration-ms="1100" status="PASS">
          <params>
            <param index="0">
              <value>
                <![CDATA[[Ljava.lang.String;@178f268a]]>
              </value>
            </param>
          </params>
          <reporter-output>
            <line>
              <![CDATA[Contact us page is displayed]]>
            </line>
            <line>
              <![CDATA[Full name is entered properly]]>
            </line>
            <line>
              <![CDATA[Email id is entered properly]]>
            </line>
            <line>
              <![CDATA[Mobile no is entered properly]]>
            </line>
            <line>
              <![CDATA[Description is entered properly]]>
            </line>
            <line>
              <![CDATA[password is changed]]>
            </line>
          </reporter-output>
        </test-method> <!-- contact -->
        <test-method is-config="true" signature="browserTermination()[pri:0, instance:hospital_management_system.TC_HMS_29@188715b5]" started-at="2023-01-28T12:46:32 IST" name="browserTermination" finished-at="2023-01-28T12:46:32 IST" duration-ms="135" status="PASS">
          <reporter-output>
          </reporter-output>
        </test-method> <!-- browserTermination -->
      </class> <!-- hospital_management_system.TC_HMS_29 -->
    </test> <!-- Default test -->
  </suite> <!-- Default suite -->
</testng-results>
